<?xml version="1.0" encoding="UTF-8"?>
<testsuite name="su.radmi.tests.SearchingTickets" tests="4" skipped="0" failures="0" errors="0" timestamp="2022-10-26T18:27:11" hostname="SPB-NB-080" time="26.636">
  <properties/>
  <testcase name="Check labels menu" classname="su.radmi.tests.SearchingTickets" time="15.933"/>
  <testcase name="Searching tickets from Санкт-Петербург to Moscow" classname="su.radmi.tests.SearchingTickets" time="5.273"/>
  <testcase name="Check button names Rus" classname="su.radmi.tests.SearchingTickets" time="1.771"/>
  <testcase name="Check button names Eng" classname="su.radmi.tests.SearchingTickets" time="3.638"/>
  <system-out><![CDATA[]]></system-out>
  <system-err><![CDATA[SLF4J: No SLF4J providers were found.
SLF4J: Defaulting to no-operation (NOP) logger implementation
SLF4J: See https://www.slf4j.org/codes.html#noProviders for further details.
Starting ChromeDriver 106.0.5249.61 (511755355844955cd3e264779baf0dd38212a4d0-refs/branch-heads/5249@{#569}) on port 53434
Only local connections are allowed.
Please see https://chromedriver.chromium.org/security-considerations for suggestions on keeping ChromeDriver safe.
ChromeDriver was started successfully.
окт. 26, 2022 9:27:17 PM org.openqa.selenium.remote.ProtocolHandshake createSession
INFO: Detected upstream dialect: W3C
окт. 26, 2022 9:27:20 PM org.openqa.selenium.devtools.CdpVersionFinder findNearestMatch
WARNING: Unable to find an exact match for CDP version 106, so returning the closest version found: 104
окт. 26, 2022 9:27:20 PM org.openqa.selenium.devtools.CdpVersionFinder findNearestMatch
INFO: Found CDP implementation for version 106 of 104
]]></system-err>
</testsuite>
